<?xml version="1.0" encoding="UTF-8"?>
<testng-results skipped="0" failed="0" ignored="0" total="1" passed="1">
  <reporter-output>
  </reporter-output>
  <suite name="测试套件" duration-ms="35" started-at="2021-06-14T09:03:48Z" finished-at="2021-06-14T09:03:48Z">
    <groups>
    </groups>
    <test name="简单测试" duration-ms="35" started-at="2021-06-14T09:03:48Z" finished-at="2021-06-14T09:03:48Z">
      <class name="com.testing.testNg.ParamCase">
        <test-method status="PASS" signature="testAdd1(java.lang.String, java.lang.String)[pri:0, instance:com.testing.testNg.ParamCase@19c0f4a]" name="testAdd1" duration-ms="6" started-at="2021-06-14T09:03:48Z" finished-at="2021-06-14T09:03:48Z">
          <params>
            <param index="0">
              <value>
                <![CDATA[100]]>
              </value>
            </param>
            <param index="1">
              <value>
                <![CDATA[2]]>
              </value>
            </param>
          </params>
          <reporter-output>
          </reporter-output>
        </test-method> <!-- testAdd1 -->
      </class> <!-- com.testing.testNg.ParamCase -->
    </test> <!-- 简单测试 -->
  </suite> <!-- 测试套件 -->
</testng-results>
